

2024-08-19 13:51:06,967 (HH:MM:ss.SSS] [main] INFO  api.test.UserTests *****Creating the User*****
2024-08-19 13:51:10,608 (HH:MM:ss.SSS] [main] INFO  api.test.UserTests *****User is created*****
2024-08-19 13:51:10,627 (HH:MM:ss.SSS] [main] INFO  api.test.UserTests *****Reading the User info*****
2024-08-19 13:51:12,090 (HH:MM:ss.SSS] [main] INFO  api.test.UserTests *****User info is displayed*****
2024-08-19 13:51:12,096 (HH:MM:ss.SSS] [main] INFO  api.test.UserTests *****Updating the User*****
2024-08-19 13:51:13,451 (HH:MM:ss.SSS] [main] INFO  api.test.UserTests *****User Updated*****
2024-08-19 13:51:14,843 (HH:MM:ss.SSS] [main] INFO  api.test.UserTests *****Deleting the User*****
2024-08-19 13:51:16,356 (HH:MM:ss.SSS] [main] INFO  api.test.UserTests *****Deleted the User*****
2024-08-19 13:53:11,332 (HH:MM:ss.SSS] [main] INFO  api.test.UserTests *****Creating the User*****
2024-08-19 13:53:14,931 (HH:MM:ss.SSS] [main] INFO  api.test.UserTests *****User is created*****
2024-08-19 13:53:14,945 (HH:MM:ss.SSS] [main] INFO  api.test.UserTests *****Reading the User info*****
2024-08-19 13:53:16,598 (HH:MM:ss.SSS] [main] INFO  api.test.UserTests *****User info is displayed*****
2024-08-19 13:53:16,606 (HH:MM:ss.SSS] [main] INFO  api.test.UserTests *****Updating the User*****
2024-08-19 13:53:18,109 (HH:MM:ss.SSS] [main] INFO  api.test.UserTests *****User Updated*****
2024-08-19 13:53:19,549 (HH:MM:ss.SSS] [main] INFO  api.test.UserTests *****Deleting the User*****
2024-08-19 13:53:20,906 (HH:MM:ss.SSS] [main] INFO  api.test.UserTests *****Deleted the User*****
2024-08-20 16:57:49,150 (HH:MM:ss.SSS] [main] INFO  api.test.UserTests2 *****Creating the User*****
2024-08-20 16:57:54,102 (HH:MM:ss.SSS] [main] INFO  api.test.UserTests2 *****User is created*****
2024-08-20 16:57:54,126 (HH:MM:ss.SSS] [main] INFO  api.test.UserTests2 *****Reading the User info*****
2024-08-20 16:57:55,493 (HH:MM:ss.SSS] [main] INFO  api.test.UserTests2 *****User info is displayed*****
2024-08-20 16:57:55,503 (HH:MM:ss.SSS] [main] INFO  api.test.UserTests2 *****Updating the User*****
2024-08-20 16:57:56,880 (HH:MM:ss.SSS] [main] INFO  api.test.UserTests2 *****User Updated*****
2024-08-20 16:57:58,246 (HH:MM:ss.SSS] [main] INFO  api.test.UserTests2 *****Deleting the User*****
2024-08-20 16:57:59,622 (HH:MM:ss.SSS] [main] INFO  api.test.UserTests2 *****Deleted the User*****
2024-08-22 15:45:33,180 (HH:MM:ss.SSS] [main] INFO  api.test.UserTests2 *****Creating the User*****
2024-08-22 15:45:38,150 (HH:MM:ss.SSS] [main] INFO  api.test.UserTests2 *****User is created*****
2024-08-22 15:45:38,174 (HH:MM:ss.SSS] [main] INFO  api.test.UserTests2 *****Reading the User info*****
2024-08-22 15:45:39,752 (HH:MM:ss.SSS] [main] INFO  api.test.UserTests2 *****User info is displayed*****
2024-08-22 15:45:39,756 (HH:MM:ss.SSS] [main] INFO  api.test.UserTests2 *****Updating the User*****
2024-08-22 15:45:41,045 (HH:MM:ss.SSS] [main] INFO  api.test.UserTests2 *****User Updated*****
2024-08-22 15:45:44,137 (HH:MM:ss.SSS] [main] INFO  api.test.UserTests2 *****Deleting the User*****
2024-08-22 15:45:45,763 (HH:MM:ss.SSS] [main] INFO  api.test.UserTests2 *****Deleted the User*****
2024-08-22 15:49:32,117 (HH:MM:ss.SSS] [main] INFO  api.test.UserTests2 *****Creating the User*****
2024-08-22 15:49:36,984 (HH:MM:ss.SSS] [main] INFO  api.test.UserTests2 *****User is created*****
2024-08-22 15:49:36,996 (HH:MM:ss.SSS] [main] INFO  api.test.UserTests2 *****Reading the User info*****
2024-08-22 15:49:39,581 (HH:MM:ss.SSS] [main] INFO  api.test.UserTests2 *****User info is displayed*****
2024-08-22 15:49:39,583 (HH:MM:ss.SSS] [main] INFO  api.test.UserTests2 *****Updating the User*****
2024-08-22 15:49:40,994 (HH:MM:ss.SSS] [main] INFO  api.test.UserTests2 *****User Updated*****
2024-08-22 15:49:42,526 (HH:MM:ss.SSS] [main] INFO  api.test.UserTests2 *****Deleting the User*****
2024-08-22 15:49:44,269 (HH:MM:ss.SSS] [main] INFO  api.test.UserTests2 *****Deleted the User*****
2024-08-22 16:47:39,287 (HH:MM:ss.SSS] [main] INFO  api.test.UserTests2 *****Creating the User*****
2024-08-22 16:47:45,062 (HH:MM:ss.SSS] [main] INFO  api.test.UserTests2 *****User is created*****
2024-08-22 16:47:45,088 (HH:MM:ss.SSS] [main] INFO  api.test.UserTests2 *****Reading the User info*****
2024-08-22 16:47:46,651 (HH:MM:ss.SSS] [main] INFO  api.test.UserTests2 *****User info is displayed*****
2024-08-22 16:47:46,658 (HH:MM:ss.SSS] [main] INFO  api.test.UserTests2 *****Updating the User*****
2024-08-22 16:47:48,088 (HH:MM:ss.SSS] [main] INFO  api.test.UserTests2 *****User Updated*****
2024-08-22 16:47:49,598 (HH:MM:ss.SSS] [main] INFO  api.test.UserTests2 *****Deleting the User*****
2024-08-22 16:47:50,968 (HH:MM:ss.SSS] [main] INFO  api.test.UserTests2 *****Deleted the User*****
2024-08-22 17:02:09,100 (HH:MM:ss.SSS] [main] INFO  api.test.UserTests2 *****Creating the User*****
2024-08-22 17:02:12,360 (HH:MM:ss.SSS] [main] INFO  api.test.UserTests2 *****User is created*****
2024-08-22 17:02:12,376 (HH:MM:ss.SSS] [main] INFO  api.test.UserTests2 *****Reading the User info*****
2024-08-22 17:02:13,794 (HH:MM:ss.SSS] [main] INFO  api.test.UserTests2 *****User info is displayed*****
2024-08-22 17:02:13,794 (HH:MM:ss.SSS] [main] INFO  api.test.UserTests2 *****Updating the User*****
2024-08-22 17:02:14,954 (HH:MM:ss.SSS] [main] INFO  api.test.UserTests2 *****User Updated*****
2024-08-22 17:02:16,515 (HH:MM:ss.SSS] [main] INFO  api.test.UserTests2 *****Deleting the User*****
2024-08-22 17:02:18,152 (HH:MM:ss.SSS] [main] INFO  api.test.UserTests2 *****Deleted the User*****
2024-08-22 19:53:03,365 (HH:MM:ss.SSS] [main] INFO  api.test.UserTests2 *****Creating the User*****
2024-08-22 19:53:12,430 (HH:MM:ss.SSS] [main] INFO  api.test.UserTests2 *****User is created*****
2024-08-22 19:53:12,476 (HH:MM:ss.SSS] [main] INFO  api.test.UserTests2 *****Reading the User info*****
2024-08-22 19:53:14,467 (HH:MM:ss.SSS] [main] INFO  api.test.UserTests2 *****User info is displayed*****
2024-08-22 19:53:14,472 (HH:MM:ss.SSS] [main] INFO  api.test.UserTests2 *****Updating the User*****
2024-08-22 19:53:16,399 (HH:MM:ss.SSS] [main] INFO  api.test.UserTests2 *****User Updated*****
2024-08-22 19:53:18,962 (HH:MM:ss.SSS] [main] INFO  api.test.UserTests2 *****Deleting the User*****
2024-08-22 19:53:21,315 (HH:MM:ss.SSS] [main] INFO  api.test.UserTests2 *****Deleted the User*****
2024-08-23 10:18:37,774 (HH:MM:ss.SSS] [main] INFO  api.test.UserTests2 *****Creating the User*****
2024-08-23 10:18:44,100 (HH:MM:ss.SSS] [main] INFO  api.test.UserTests2 *****User is created*****
2024-08-23 10:18:44,119 (HH:MM:ss.SSS] [main] INFO  api.test.UserTests2 *****Reading the User info*****
2024-08-23 10:18:45,652 (HH:MM:ss.SSS] [main] INFO  api.test.UserTests2 *****User info is displayed*****
2024-08-23 10:18:45,660 (HH:MM:ss.SSS] [main] INFO  api.test.UserTests2 *****Updating the User*****
2024-08-23 10:18:47,228 (HH:MM:ss.SSS] [main] INFO  api.test.UserTests2 *****User Updated*****
2024-08-23 10:18:48,631 (HH:MM:ss.SSS] [main] INFO  api.test.UserTests2 *****Deleting the User*****
2024-08-23 10:18:50,198 (HH:MM:ss.SSS] [main] INFO  api.test.UserTests2 *****Deleted the User*****
